<?xml version="1.0" encoding="UTF-8"?>
<!-- Generated by org.testng.reporters.JUnitXMLReporter -->
<testsuite hostname="ASAMIR" ignored="4" name="Default test" tests="4" failures="0" timestamp="20 Jun 2020 19:59:42 GMT" time="29.082" errors="0">
  <testcase name="@BeforeTest openGooglePlay" time="29.053" classname="SeleniumAutomationTask.SeleniumAutomation.GooglePlaySearch">
    <failure type="org.openqa.selenium.WebDriverException" message="Unable to parse remote response: Unknown error">
      <![CDATA[org.openqa.selenium.WebDriverException: Unable to parse remote response: Unknown error
at org.openqa.selenium.remote.ProtocolHandshake.createSession(ProtocolHandshake.java:115)
at org.openqa.selenium.remote.ProtocolHandshake.createSession(ProtocolHandshake.java:74)
at org.openqa.selenium.remote.HttpCommandExecutor.execute(HttpCommandExecutor.java:136)
at org.openqa.selenium.remote.service.DriverCommandExecutor.execute(DriverCommandExecutor.java:83)
at org.openqa.selenium.remote.RemoteWebDriver.execute(RemoteWebDriver.java:552)
at org.openqa.selenium.remote.RemoteWebDriver.startSession(RemoteWebDriver.java:213)
at org.openqa.selenium.remote.RemoteWebDriver.<init>(RemoteWebDriver.java:131)
at org.openqa.selenium.edge.EdgeDriver.<init>(EdgeDriver.java:141)
at org.openqa.selenium.edge.EdgeDriver.<init>(EdgeDriver.java:96)
at SeleniumAutomationTask.SeleniumAutomation.GooglePlaySearch.openGooglePlay(GooglePlaySearch.java:41)
at sun.reflect.NativeMethodAccessorImpl.invoke0(Native Method)
at sun.reflect.NativeMethodAccessorImpl.invoke(Unknown Source)
at sun.reflect.DelegatingMethodAccessorImpl.invoke(Unknown Source)
at java.lang.reflect.Method.invoke(Unknown Source)
at org.testng.internal.MethodInvocationHelper.invokeMethod(MethodInvocationHelper.java:124)
at org.testng.internal.MethodInvocationHelper.invokeMethodConsideringTimeout(MethodInvocationHelper.java:59)
at org.testng.internal.Invoker.invokeConfigurationMethod(Invoker.java:458)
at org.testng.internal.Invoker.invokeConfigurations(Invoker.java:222)
at org.testng.internal.Invoker.invokeConfigurations(Invoker.java:142)
at org.testng.TestRunner.beforeRun(TestRunner.java:529)
at org.testng.TestRunner.run(TestRunner.java:497)
at org.testng.SuiteRunner.runTest(SuiteRunner.java:455)
at org.testng.SuiteRunner.runSequentially(SuiteRunner.java:450)
at org.testng.SuiteRunner.privateRun(SuiteRunner.java:415)
at org.testng.SuiteRunner.run(SuiteRunner.java:364)
at org.testng.SuiteRunnerWorker.runSuite(SuiteRunnerWorker.java:52)
at org.testng.SuiteRunnerWorker.run(SuiteRunnerWorker.java:84)
at org.testng.TestNG.runSuitesSequentially(TestNG.java:1208)
at org.testng.TestNG.runSuitesLocally(TestNG.java:1137)
at org.testng.TestNG.runSuites(TestNG.java:1049)
at org.testng.TestNG.run(TestNG.java:1017)
at org.testng.remote.AbstractRemoteTestNG.run(AbstractRemoteTestNG.java:114)
at org.testng.remote.RemoteTestNG.initAndRun(RemoteTestNG.java:251)
at org.testng.remote.RemoteTestNG.main(RemoteTestNG.java:77)
Caused by: org.openqa.selenium.json.JsonException: Unable to determine type from: U. Last 1 characters read: U
Build info: version: '3.141.59', revision: 'e82be7d358', time: '2018-11-14T08:17:03'
System info: host: 'ASAMIR', ip: '192.168.56.1', os.name: 'Windows 10', os.arch: 'x86', os.version: '10.0', java.version: '1.8.0_241'
Driver info: driver.version: EdgeDriver
at org.openqa.selenium.json.JsonInput.peek(JsonInput.java:122)
at org.openqa.selenium.json.JsonTypeCoercer.lambda$null$6(JsonTypeCoercer.java:140)
at org.openqa.selenium.json.JsonTypeCoercer.coerce(JsonTypeCoercer.java:126)
at org.openqa.selenium.json.Json.toType(Json.java:69)
at org.openqa.selenium.json.Json.toType(Json.java:55)
at org.openqa.selenium.json.Json.toType(Json.java:50)
at org.openqa.selenium.remote.ProtocolHandshake.createSession(ProtocolHandshake.java:112)
... 33 more
]]>
    </failure>
  </testcase> <!-- @BeforeTest openGooglePlay -->
  <testcase name="@AfterTest closeWindow" time="0.0" classname="SeleniumAutomationTask.SeleniumAutomation.GooglePlaySearch">
    <skipped/>
  </testcase> <!-- @AfterTest closeWindow -->
  <testcase name="openApps" time="0.0" classname="SeleniumAutomationTask.SeleniumAutomation.ScenarioOne">
    <skipped/>
  </testcase> <!-- openApps -->
  <testcase name="facebookSearch" time="0.0" classname="SeleniumAutomationTask.SeleniumAutomation.ScenarioTwo">
    <skipped/>
  </testcase> <!-- facebookSearch -->
  <testcase name="chooseCategory" time="0.0" classname="SeleniumAutomationTask.SeleniumAutomation.ScenarioOne">
    <skipped/>
  </testcase> <!-- chooseCategory -->
  <testcase name="searchForTED" time="0.0" classname="SeleniumAutomationTask.SeleniumAutomation.ScenarioOne">
    <skipped/>
  </testcase> <!-- searchForTED -->
  <testcase name="@AfterTest closeWindow" time="0.0" classname="SeleniumAutomationTask.SeleniumAutomation.GooglePlaySearch">
    <ignored/>
  </testcase> <!-- @AfterTest closeWindow -->
  <testcase name="@AfterTest closeWindow" time="0.0" classname="SeleniumAutomationTask.SeleniumAutomation.GooglePlaySearch">
    <ignored/>
  </testcase> <!-- @AfterTest closeWindow -->
  <testcase name="@BeforeTest openGooglePlay" time="0.0" classname="SeleniumAutomationTask.SeleniumAutomation.GooglePlaySearch">
    <ignored/>
  </testcase> <!-- @BeforeTest openGooglePlay -->
  <testcase name="@BeforeTest openGooglePlay" time="0.0" classname="SeleniumAutomationTask.SeleniumAutomation.GooglePlaySearch">
    <ignored/>
  </testcase> <!-- @BeforeTest openGooglePlay -->
</testsuite> <!-- Default test -->
